<?xml version="1.0" encoding="UTF-8"?>
<!-- Generated by org.testng.reporters.JUnitReportReporter -->
<testsuite hostname="DESKTOP-R53ADIM" failures="0" tests="1" name="com.PARA.testcasesBillPay.BillPay" time="0.000" errors="0" timestamp="2023-09-26T12:24:32 BDT" skipped="1">
  <testcase classname="com.PARA.testcasesBillPay.BillPay" name="goContactPage" time="0.000">
    <skipped/>
  </testcase> <!-- goContactPage -->
  <system-out/>
</testsuite> <!-- com.PARA.testcasesBillPay.BillPay -->
