<?xml version="1.0" encoding="UTF-8"?>
<!-- Generated by org.testng.reporters.JUnitReportReporter -->
<testsuite hostname="DESKTOP-R53ADIM" failures="0" tests="1" name="com.WMC.testcasesContact.DeleteContact" time="0.000" errors="0" timestamp="2023-09-20T22:27:41 BDT" skipped="1">
  <testcase classname="com.WMC.testcasesContact.DeleteContact" name="contactDelete" time="0.000">
    <skipped/>
  </testcase> <!-- contactDelete -->
  <system-out/>
</testsuite> <!-- com.WMC.testcasesContact.DeleteContact -->
