<?xml version="1.0" encoding="UTF-8"?>
<!-- Generated by org.testng.reporters.JUnitReportReporter -->
<testsuite hostname="DESKTOP-R53ADIM" failures="0" tests="1" name="com.PARA.testcasesUpadateContact.UpdateContact" time="0.000" errors="0" timestamp="2023-09-25T00:37:18 BDT" skipped="1">
  <testcase classname="com.PARA.testcasesUpadateContact.UpdateContact" name="goContactPage" time="0.000">
    <skipped/>
  </testcase> <!-- goContactPage -->
  <system-out/>
</testsuite> <!-- com.PARA.testcasesUpadateContact.UpdateContact -->
