<?xml version="1.0" encoding="UTF-8"?>
<!-- Generated by org.testng.reporters.JUnitReportReporter -->
<testsuite hostname="DESKTOP-5V9BS6T" failures="0" tests="1" name="com.WMC.testcasesContracts.UpdateInvoice" time="48.557" errors="0" timestamp="2023-06-21T10:54:25 BDT" skipped="0">
  <testcase classname="com.WMC.testcasesContracts.UpdateInvoice" name="UpdateInvoices" time="48.557"/>
  <system-out/>
</testsuite> <!-- com.WMC.testcasesContracts.UpdateInvoice -->
