<?xml version="1.0" encoding="UTF-8"?>
<!-- Generated by org.testng.reporters.JUnitReportReporter -->
<testsuite hostname="DESKTOP-5V9BS6T" failures="0" tests="1" name="com.WMC.testcasesVacation.AddVacation" time="61.336" errors="0" timestamp="2023-03-30T17:34:43 BDT" skipped="0">
  <testcase classname="com.WMC.testcasesVacation.AddVacation" name="goVacationPage" time="61.336"/>
  <system-out/>
</testsuite> <!-- com.WMC.testcasesVacation.AddVacation -->
