<?xml version="1.0" encoding="UTF-8"?>
<!-- Generated by org.testng.reporters.JUnitReportReporter -->
<testsuite hostname="DESKTOP-R53ADIM" failures="0" tests="1" name="com.PARA.login.LoginTest" time="0.000" errors="0" timestamp="2023-09-26T12:24:32 BDT" skipped="1">
  <testcase classname="com.PARA.login.LoginTest" name="login" time="0.000">
    <skipped/>
  </testcase> <!-- login -->
  <system-out/>
</testsuite> <!-- com.PARA.login.LoginTest -->
