<?xml version="1.0" encoding="UTF-8"?>
<!-- Generated by org.testng.reporters.JUnitReportReporter -->
<testsuite hostname="DESKTOP-R53ADIM" failures="0" tests="1" name="com.WMC.testcasesLeads.AddLeads" time="59.292" errors="0" timestamp="2023-07-17T17:31:43 BDT" skipped="0">
  <testcase classname="com.WMC.testcasesLeads.AddLeads" name="goLeadsPage" time="59.292"/>
  <system-out/>
</testsuite> <!-- com.WMC.testcasesLeads.AddLeads -->
