<?xml version="1.0" encoding="UTF-8"?>
<!-- Generated by org.testng.reporters.JUnitReportReporter -->
<testsuite hostname="DESKTOP-R53ADIM" failures="0" tests="1" name="com.WMC.testcasesContracts.AddContracts" time="0.000" errors="0" timestamp="2023-09-21T11:16:45 BDT" skipped="1">
  <testcase classname="com.WMC.testcasesContracts.AddContracts" name="goContractsPage" time="0.000">
    <skipped/>
  </testcase> <!-- goContractsPage -->
  <system-out/>
</testsuite> <!-- com.WMC.testcasesContracts.AddContracts -->
