<?xml version="1.0" encoding="UTF-8"?>
<!-- Generated by org.testng.reporters.JUnitReportReporter -->
<testsuite hostname="DESKTOP-R53ADIM" failures="0" tests="1" name="com.WMC.testcasesContractsOFFER.AddOffer" time="0.000" errors="0" timestamp="2023-07-16T21:19:46 BDT" skipped="1">
  <testcase classname="com.WMC.testcasesContractsOFFER.AddOffer" name="goContractsPage" time="0.000">
    <skipped/>
  </testcase> <!-- goContractsPage -->
  <system-out/>
</testsuite> <!-- com.WMC.testcasesContractsOFFER.AddOffer -->
