<?xml version="1.0" encoding="UTF-8"?>
<!-- Generated by org.testng.reporters.JUnitReportReporter -->
<testsuite hostname="DESKTOP-R53ADIM" failures="0" tests="1" name="com.PARA.login.LoginTest" time="7.391" errors="0" timestamp="2023-09-25T12:50:40 BDT" skipped="0">
  <testcase classname="com.PARA.login.LoginTest" name="login" time="7.391"/>
  <system-out/>
</testsuite> <!-- com.PARA.login.LoginTest -->
