<?xml version="1.0" encoding="UTF-8"?>
<!-- Generated by org.testng.reporters.JUnitReportReporter -->
<testsuite hostname="DESKTOP-R53ADIM" failures="0" tests="1" name="com.PARA.testcasesBillPay.BillPay" time="26.732" errors="0" timestamp="2023-09-25T00:26:56 BDT" skipped="0">
  <testcase classname="com.PARA.testcasesBillPay.BillPay" name="goContactPage" time="26.732"/>
  <system-out/>
</testsuite> <!-- com.PARA.testcasesBillPay.BillPay -->
