<?xml version="1.0" encoding="UTF-8"?>
<!-- Generated by org.testng.reporters.JUnitReportReporter -->
<testsuite hostname="DESKTOP-R53ADIM" failures="0" tests="1" name="com.WMC.testcasesProduct.AddArticle" time="42.485" errors="0" timestamp="2023-09-22T22:07:11 BDT" skipped="0">
  <testcase classname="com.WMC.testcasesProduct.AddArticle" name="goArticlesPage" time="42.485"/>
  <system-out/>
</testsuite> <!-- com.WMC.testcasesProduct.AddArticle -->
