<?xml version="1.0" encoding="UTF-8"?>
<!-- Generated by org.testng.reporters.JUnitReportReporter -->
<testsuite hostname="DESKTOP-R53ADIM" failures="0" tests="1" name="com.WMC.login.LoginTest" time="11.461" errors="0" timestamp="2023-09-22T22:07:11 BDT" skipped="0">
  <testcase classname="com.WMC.login.LoginTest" name="login" time="11.461"/>
  <system-out/>
</testsuite> <!-- com.WMC.login.LoginTest -->
