<?xml version="1.0" encoding="UTF-8"?>
<!-- Generated by org.testng.reporters.JUnitReportReporter -->
<testsuite hostname="DESKTOP-R53ADIM" failures="0" tests="1" name="com.PARA.testcasesUpadateContact.UpdateContact" time="19.150" errors="0" timestamp="2023-09-25T12:50:40 BDT" skipped="0">
  <testcase classname="com.PARA.testcasesUpadateContact.UpdateContact" name="goContactPage" time="19.150"/>
  <system-out/>
</testsuite> <!-- com.PARA.testcasesUpadateContact.UpdateContact -->
